libboost_system-vc140-mt-1_61.lib(error_code.obj) : error LNK2038: 检测到“_ITERATOR_DEBUG_LEVEL”的不匹配项: 值“0”不匹配值“2”(mCaffePredictor.obj 中)
libboost_system-vc140-mt-1_61.lib(error_code.obj) : error LNK2038: 检测到“RuntimeLibrary”的不匹配项: 值“MD_DynamicRelease”不匹配值“MDd_DynamicDebug”(mCaffePredictor.obj 中)
  libcaffe.lib(common.obj) : 找到 MSIL .netmodule 或使用 /GL 编译的模块；正在使用 /LTCG 重新启动链接；将 /LTCG 添加到链接命令行以改进链接器性能
LINK : warning LNK4075: 忽略“/INCREMENTAL”(由于“/LTCG”规范)
libboost_system-vc140-mt-1_61.lib(error_code.obj) : error LNK2038: 检测到“_ITERATOR_DEBUG_LEVEL”的不匹配项: 值“0”不匹配值“2”(mCaffePredictor.obj 中)
libboost_system-vc140-mt-1_61.lib(error_code.obj) : error LNK2038: 检测到“RuntimeLibrary”的不匹配项: 值“MD_DynamicRelease”不匹配值“MDd_DynamicDebug”(mCaffePredictor.obj 中)
libcaffe.lib(common.obj) : error LNK2038: 检测到“_ITERATOR_DEBUG_LEVEL”的不匹配项: 值“0”不匹配值“2”(mCaffePredictor.obj 中)
libcaffe.lib(common.obj) : error LNK2038: 检测到“RuntimeLibrary”的不匹配项: 值“MD_DynamicRelease”不匹配值“MDd_DynamicDebug”(mCaffePredictor.obj 中)
libcaffe.lib(caffe.pb.obj) : error LNK2038: 检测到“_ITERATOR_DEBUG_LEVEL”的不匹配项: 值“0”不匹配值“2”(mCaffePredictor.obj 中)
libcaffe.lib(caffe.pb.obj) : error LNK2038: 检测到“RuntimeLibrary”的不匹配项: 值“MD_DynamicRelease”不匹配值“MDd_DynamicDebug”(mCaffePredictor.obj 中)
libcaffe.lib(io.obj) : error LNK2038: 检测到“_ITERATOR_DEBUG_LEVEL”的不匹配项: 值“0”不匹配值“2”(mCaffePredictor.obj 中)
libcaffe.lib(io.obj) : error LNK2038: 检测到“RuntimeLibrary”的不匹配项: 值“MD_DynamicRelease”不匹配值“MDd_DynamicDebug”(mCaffePredictor.obj 中)
libcaffe.lib(net.obj) : error LNK2038: 检测到“_ITERATOR_DEBUG_LEVEL”的不匹配项: 值“0”不匹配值“2”(mCaffePredictor.obj 中)
libcaffe.lib(net.obj) : error LNK2038: 检测到“RuntimeLibrary”的不匹配项: 值“MD_DynamicRelease”不匹配值“MDd_DynamicDebug”(mCaffePredictor.obj 中)
libcaffe.lib(blob.obj) : error LNK2038: 检测到“_ITERATOR_DEBUG_LEVEL”的不匹配项: 值“0”不匹配值“2”(mCaffePredictor.obj 中)
libcaffe.lib(blob.obj) : error LNK2038: 检测到“RuntimeLibrary”的不匹配项: 值“MD_DynamicRelease”不匹配值“MDd_DynamicDebug”(mCaffePredictor.obj 中)
libcaffe.lib(math_functions.cu.obj) : error LNK2038: 检测到“_ITERATOR_DEBUG_LEVEL”的不匹配项: 值“0”不匹配值“2”(mCaffePredictor.obj 中)
libcaffe.lib(math_functions.cu.obj) : error LNK2038: 检测到“RuntimeLibrary”的不匹配项: 值“MD_DynamicRelease”不匹配值“MDd_DynamicDebug”(mCaffePredictor.obj 中)
libcaffe.lib(insert_splits.obj) : error LNK2038: 检测到“_ITERATOR_DEBUG_LEVEL”的不匹配项: 值“0”不匹配值“2”(mCaffePredictor.obj 中)
libcaffe.lib(insert_splits.obj) : error LNK2038: 检测到“RuntimeLibrary”的不匹配项: 值“MD_DynamicRelease”不匹配值“MDd_DynamicDebug”(mCaffePredictor.obj 中)
libcaffe.lib(hdf5.obj) : error LNK2038: 检测到“_ITERATOR_DEBUG_LEVEL”的不匹配项: 值“0”不匹配值“2”(mCaffePredictor.obj 中)
libcaffe.lib(hdf5.obj) : error LNK2038: 检测到“RuntimeLibrary”的不匹配项: 值“MD_DynamicRelease”不匹配值“MDd_DynamicDebug”(mCaffePredictor.obj 中)
libcaffe.lib(math_functions.obj) : error LNK2038: 检测到“_ITERATOR_DEBUG_LEVEL”的不匹配项: 值“0”不匹配值“2”(mCaffePredictor.obj 中)
libcaffe.lib(math_functions.obj) : error LNK2038: 检测到“RuntimeLibrary”的不匹配项: 值“MD_DynamicRelease”不匹配值“MDd_DynamicDebug”(mCaffePredictor.obj 中)
libcaffe.lib(upgrade_proto.obj) : error LNK2038: 检测到“_ITERATOR_DEBUG_LEVEL”的不匹配项: 值“0”不匹配值“2”(mCaffePredictor.obj 中)
libcaffe.lib(upgrade_proto.obj) : error LNK2038: 检测到“RuntimeLibrary”的不匹配项: 值“MD_DynamicRelease”不匹配值“MDd_DynamicDebug”(mCaffePredictor.obj 中)
libcaffe.lib(syncedmem.obj) : error LNK2038: 检测到“_ITERATOR_DEBUG_LEVEL”的不匹配项: 值“0”不匹配值“2”(mCaffePredictor.obj 中)
libcaffe.lib(syncedmem.obj) : error LNK2038: 检测到“RuntimeLibrary”的不匹配项: 值“MD_DynamicRelease”不匹配值“MDd_DynamicDebug”(mCaffePredictor.obj 中)
libprotobuf.lib(message.cc.obj) : error LNK2038: 检测到“_ITERATOR_DEBUG_LEVEL”的不匹配项: 值“0”不匹配值“2”(mCaffePredictor.obj 中)
libprotobuf.lib(message.cc.obj) : error LNK2038: 检测到“RuntimeLibrary”的不匹配项: 值“MD_DynamicRelease”不匹配值“MDd_DynamicDebug”(mCaffePredictor.obj 中)
libprotobuf.lib(once.cc.obj) : error LNK2038: 检测到“_ITERATOR_DEBUG_LEVEL”的不匹配项: 值“0”不匹配值“2”(mCaffePredictor.obj 中)
libprotobuf.lib(once.cc.obj) : error LNK2038: 检测到“RuntimeLibrary”的不匹配项: 值“MD_DynamicRelease”不匹配值“MDd_DynamicDebug”(mCaffePredictor.obj 中)
libprotobuf.lib(coded_stream.cc.obj) : error LNK2038: 检测到“_ITERATOR_DEBUG_LEVEL”的不匹配项: 值“0”不匹配值“2”(mCaffePredictor.obj 中)
libprotobuf.lib(coded_stream.cc.obj) : error LNK2038: 检测到“RuntimeLibrary”的不匹配项: 值“MD_DynamicRelease”不匹配值“MDd_DynamicDebug”(mCaffePredictor.obj 中)
libprotobuf.lib(common.cc.obj) : error LNK2038: 检测到“_ITERATOR_DEBUG_LEVEL”的不匹配项: 值“0”不匹配值“2”(mCaffePredictor.obj 中)
libprotobuf.lib(common.cc.obj) : error LNK2038: 检测到“RuntimeLibrary”的不匹配项: 值“MD_DynamicRelease”不匹配值“MDd_DynamicDebug”(mCaffePredictor.obj 中)
libprotobuf.lib(generated_message_util.cc.obj) : error LNK2038: 检测到“_ITERATOR_DEBUG_LEVEL”的不匹配项: 值“0”不匹配值“2”(mCaffePredictor.obj 中)
libprotobuf.lib(generated_message_util.cc.obj) : error LNK2038: 检测到“RuntimeLibrary”的不匹配项: 值“MD_DynamicRelease”不匹配值“MDd_DynamicDebug”(mCaffePredictor.obj 中)
libprotobuf.lib(wire_format.cc.obj) : error LNK2038: 检测到“_ITERATOR_DEBUG_LEVEL”的不匹配项: 值“0”不匹配值“2”(mCaffePredictor.obj 中)
libprotobuf.lib(wire_format.cc.obj) : error LNK2038: 检测到“RuntimeLibrary”的不匹配项: 值“MD_DynamicRelease”不匹配值“MDd_DynamicDebug”(mCaffePredictor.obj 中)
libprotobuf.lib(reflection_ops.cc.obj) : error LNK2038: 检测到“_ITERATOR_DEBUG_LEVEL”的不匹配项: 值“0”不匹配值“2”(mCaffePredictor.obj 中)
libprotobuf.lib(reflection_ops.cc.obj) : error LNK2038: 检测到“RuntimeLibrary”的不匹配项: 值“MD_DynamicRelease”不匹配值“MDd_DynamicDebug”(mCaffePredictor.obj 中)
libprotobuf.lib(repeated_field.cc.obj) : error LNK2038: 检测到“_ITERATOR_DEBUG_LEVEL”的不匹配项: 值“0”不匹配值“2”(mCaffePredictor.obj 中)
libprotobuf.lib(repeated_field.cc.obj) : error LNK2038: 检测到“RuntimeLibrary”的不匹配项: 值“MD_DynamicRelease”不匹配值“MDd_DynamicDebug”(mCaffePredictor.obj 中)
libprotobuf.lib(arenastring.cc.obj) : error LNK2038: 检测到“_ITERATOR_DEBUG_LEVEL”的不匹配项: 值“0”不匹配值“2”(mCaffePredictor.obj 中)
libprotobuf.lib(arenastring.cc.obj) : error LNK2038: 检测到“RuntimeLibrary”的不匹配项: 值“MD_DynamicRelease”不匹配值“MDd_DynamicDebug”(mCaffePredictor.obj 中)
libprotobuf.lib(generated_message_reflection.cc.obj) : error LNK2038: 检测到“_ITERATOR_DEBUG_LEVEL”的不匹配项: 值“0”不匹配值“2”(mCaffePredictor.obj 中)
libprotobuf.lib(generated_message_reflection.cc.obj) : error LNK2038: 检测到“RuntimeLibrary”的不匹配项: 值“MD_DynamicRelease”不匹配值“MDd_DynamicDebug”(mCaffePredictor.obj 中)
libprotobuf.lib(wire_format_lite.cc.obj) : error LNK2038: 检测到“_ITERATOR_DEBUG_LEVEL”的不匹配项: 值“0”不匹配值“2”(mCaffePredictor.obj 中)
libprotobuf.lib(wire_format_lite.cc.obj) : error LNK2038: 检测到“RuntimeLibrary”的不匹配项: 值“MD_DynamicRelease”不匹配值“MDd_DynamicDebug”(mCaffePredictor.obj 中)
libprotobuf.lib(unknown_field_set.cc.obj) : error LNK2038: 检测到“_ITERATOR_DEBUG_LEVEL”的不匹配项: 值“0”不匹配值“2”(mCaffePredictor.obj 中)
libprotobuf.lib(unknown_field_set.cc.obj) : error LNK2038: 检测到“RuntimeLibrary”的不匹配项: 值“MD_DynamicRelease”不匹配值“MDd_DynamicDebug”(mCaffePredictor.obj 中)
libprotobuf.lib(message_lite.cc.obj) : error LNK2038: 检测到“_ITERATOR_DEBUG_LEVEL”的不匹配项: 值“0”不匹配值“2”(mCaffePredictor.obj 中)
libprotobuf.lib(message_lite.cc.obj) : error LNK2038: 检测到“RuntimeLibrary”的不匹配项: 值“MD_DynamicRelease”不匹配值“MDd_DynamicDebug”(mCaffePredictor.obj 中)
libprotobuf.lib(arena.cc.obj) : error LNK2038: 检测到“_ITERATOR_DEBUG_LEVEL”的不匹配项: 值“0”不匹配值“2”(mCaffePredictor.obj 中)
libprotobuf.lib(arena.cc.obj) : error LNK2038: 检测到“RuntimeLibrary”的不匹配项: 值“MD_DynamicRelease”不匹配值“MDd_DynamicDebug”(mCaffePredictor.obj 中)
libprotobuf.lib(descriptor.cc.obj) : error LNK2038: 检测到“_ITERATOR_DEBUG_LEVEL”的不匹配项: 值“0”不匹配值“2”(mCaffePredictor.obj 中)
libprotobuf.lib(descriptor.cc.obj) : error LNK2038: 检测到“RuntimeLibrary”的不匹配项: 值“MD_DynamicRelease”不匹配值“MDd_DynamicDebug”(mCaffePredictor.obj 中)
libprotobuf.lib(zero_copy_stream_impl.cc.obj) : error LNK2038: 检测到“_ITERATOR_DEBUG_LEVEL”的不匹配项: 值“0”不匹配值“2”(mCaffePredictor.obj 中)
libprotobuf.lib(zero_copy_stream_impl.cc.obj) : error LNK2038: 检测到“RuntimeLibrary”的不匹配项: 值“MD_DynamicRelease”不匹配值“MDd_DynamicDebug”(mCaffePredictor.obj 中)
libprotobuf.lib(text_format.cc.obj) : error LNK2038: 检测到“_ITERATOR_DEBUG_LEVEL”的不匹配项: 值“0”不匹配值“2”(mCaffePredictor.obj 中)
libprotobuf.lib(text_format.cc.obj) : error LNK2038: 检测到“RuntimeLibrary”的不匹配项: 值“MD_DynamicRelease”不匹配值“MDd_DynamicDebug”(mCaffePredictor.obj 中)
libprotobuf.lib(map_field.cc.obj) : error LNK2038: 检测到“_ITERATOR_DEBUG_LEVEL”的不匹配项: 值“0”不匹配值“2”(mCaffePredictor.obj 中)
libprotobuf.lib(map_field.cc.obj) : error LNK2038: 检测到“RuntimeLibrary”的不匹配项: 值“MD_DynamicRelease”不匹配值“MDd_DynamicDebug”(mCaffePredictor.obj 中)
libprotobuf.lib(strutil.cc.obj) : error LNK2038: 检测到“_ITERATOR_DEBUG_LEVEL”的不匹配项: 值“0”不匹配值“2”(mCaffePredictor.obj 中)
libprotobuf.lib(strutil.cc.obj) : error LNK2038: 检测到“RuntimeLibrary”的不匹配项: 值“MD_DynamicRelease”不匹配值“MDd_DynamicDebug”(mCaffePredictor.obj 中)
libprotobuf.lib(atomicops_internals_x86_msvc.cc.obj) : error LNK2038: 检测到“_ITERATOR_DEBUG_LEVEL”的不匹配项: 值“0”不匹配值“2”(mCaffePredictor.obj 中)
libprotobuf.lib(atomicops_internals_x86_msvc.cc.obj) : error LNK2038: 检测到“RuntimeLibrary”的不匹配项: 值“MD_DynamicRelease”不匹配值“MDd_DynamicDebug”(mCaffePredictor.obj 中)
libprotobuf.lib(status.cc.obj) : error LNK2038: 检测到“_ITERATOR_DEBUG_LEVEL”的不匹配项: 值“0”不匹配值“2”(mCaffePredictor.obj 中)
libprotobuf.lib(status.cc.obj) : error LNK2038: 检测到“RuntimeLibrary”的不匹配项: 值“MD_DynamicRelease”不匹配值“MDd_DynamicDebug”(mCaffePredictor.obj 中)
libprotobuf.lib(int128.cc.obj) : error LNK2038: 检测到“_ITERATOR_DEBUG_LEVEL”的不匹配项: 值“0”不匹配值“2”(mCaffePredictor.obj 中)
libprotobuf.lib(int128.cc.obj) : error LNK2038: 检测到“RuntimeLibrary”的不匹配项: 值“MD_DynamicRelease”不匹配值“MDd_DynamicDebug”(mCaffePredictor.obj 中)
libprotobuf.lib(zero_copy_stream_impl_lite.cc.obj) : error LNK2038: 检测到“_ITERATOR_DEBUG_LEVEL”的不匹配项: 值“0”不匹配值“2”(mCaffePredictor.obj 中)
libprotobuf.lib(zero_copy_stream_impl_lite.cc.obj) : error LNK2038: 检测到“RuntimeLibrary”的不匹配项: 值“MD_DynamicRelease”不匹配值“MDd_DynamicDebug”(mCaffePredictor.obj 中)
libprotobuf.lib(extension_set_heavy.cc.obj) : error LNK2038: 检测到“_ITERATOR_DEBUG_LEVEL”的不匹配项: 值“0”不匹配值“2”(mCaffePredictor.obj 中)
libprotobuf.lib(extension_set_heavy.cc.obj) : error LNK2038: 检测到“RuntimeLibrary”的不匹配项: 值“MD_DynamicRelease”不匹配值“MDd_DynamicDebug”(mCaffePredictor.obj 中)
libprotobuf.lib(extension_set.cc.obj) : error LNK2038: 检测到“_ITERATOR_DEBUG_LEVEL”的不匹配项: 值“0”不匹配值“2”(mCaffePredictor.obj 中)
libprotobuf.lib(extension_set.cc.obj) : error LNK2038: 检测到“RuntimeLibrary”的不匹配项: 值“MD_DynamicRelease”不匹配值“MDd_DynamicDebug”(mCaffePredictor.obj 中)
libprotobuf.lib(structurally_valid.cc.obj) : error LNK2038: 检测到“_ITERATOR_DEBUG_LEVEL”的不匹配项: 值“0”不匹配值“2”(mCaffePredictor.obj 中)
libprotobuf.lib(structurally_valid.cc.obj) : error LNK2038: 检测到“RuntimeLibrary”的不匹配项: 值“MD_DynamicRelease”不匹配值“MDd_DynamicDebug”(mCaffePredictor.obj 中)
libprotobuf.lib(stringprintf.cc.obj) : error LNK2038: 检测到“_ITERATOR_DEBUG_LEVEL”的不匹配项: 值“0”不匹配值“2”(mCaffePredictor.obj 中)
libprotobuf.lib(stringprintf.cc.obj) : error LNK2038: 检测到“RuntimeLibrary”的不匹配项: 值“MD_DynamicRelease”不匹配值“MDd_DynamicDebug”(mCaffePredictor.obj 中)
libprotobuf.lib(descriptor_database.cc.obj) : error LNK2038: 检测到“_ITERATOR_DEBUG_LEVEL”的不匹配项: 值“0”不匹配值“2”(mCaffePredictor.obj 中)
libprotobuf.lib(descriptor_database.cc.obj) : error LNK2038: 检测到“RuntimeLibrary”的不匹配项: 值“MD_DynamicRelease”不匹配值“MDd_DynamicDebug”(mCaffePredictor.obj 中)
libprotobuf.lib(descriptor.pb.cc.obj) : error LNK2038: 检测到“_ITERATOR_DEBUG_LEVEL”的不匹配项: 值“0”不匹配值“2”(mCaffePredictor.obj 中)
libprotobuf.lib(descriptor.pb.cc.obj) : error LNK2038: 检测到“RuntimeLibrary”的不匹配项: 值“MD_DynamicRelease”不匹配值“MDd_DynamicDebug”(mCaffePredictor.obj 中)
libprotobuf.lib(dynamic_message.cc.obj) : error LNK2038: 检测到“_ITERATOR_DEBUG_LEVEL”的不匹配项: 值“0”不匹配值“2”(mCaffePredictor.obj 中)
libprotobuf.lib(dynamic_message.cc.obj) : error LNK2038: 检测到“RuntimeLibrary”的不匹配项: 值“MD_DynamicRelease”不匹配值“MDd_DynamicDebug”(mCaffePredictor.obj 中)
libprotobuf.lib(strtod.cc.obj) : error LNK2038: 检测到“_ITERATOR_DEBUG_LEVEL”的不匹配项: 值“0”不匹配值“2”(mCaffePredictor.obj 中)
libprotobuf.lib(strtod.cc.obj) : error LNK2038: 检测到“RuntimeLibrary”的不匹配项: 值“MD_DynamicRelease”不匹配值“MDd_DynamicDebug”(mCaffePredictor.obj 中)
libprotobuf.lib(tokenizer.cc.obj) : error LNK2038: 检测到“_ITERATOR_DEBUG_LEVEL”的不匹配项: 值“0”不匹配值“2”(mCaffePredictor.obj 中)
libprotobuf.lib(tokenizer.cc.obj) : error LNK2038: 检测到“RuntimeLibrary”的不匹配项: 值“MD_DynamicRelease”不匹配值“MDd_DynamicDebug”(mCaffePredictor.obj 中)
libprotobuf.lib(substitute.cc.obj) : error LNK2038: 检测到“_ITERATOR_DEBUG_LEVEL”的不匹配项: 值“0”不匹配值“2”(mCaffePredictor.obj 中)
libprotobuf.lib(substitute.cc.obj) : error LNK2038: 检测到“RuntimeLibrary”的不匹配项: 值“MD_DynamicRelease”不匹配值“MDd_DynamicDebug”(mCaffePredictor.obj 中)
libprotobuf.lib(zero_copy_stream.cc.obj) : error LNK2038: 检测到“_ITERATOR_DEBUG_LEVEL”的不匹配项: 值“0”不匹配值“2”(mCaffePredictor.obj 中)
libprotobuf.lib(zero_copy_stream.cc.obj) : error LNK2038: 检测到“RuntimeLibrary”的不匹配项: 值“MD_DynamicRelease”不匹配值“MDd_DynamicDebug”(mCaffePredictor.obj 中)
libprotobuf.lib(any.cc.obj) : error LNK2038: 检测到“_ITERATOR_DEBUG_LEVEL”的不匹配项: 值“0”不匹配值“2”(mCaffePredictor.obj 中)
libprotobuf.lib(any.cc.obj) : error LNK2038: 检测到“RuntimeLibrary”的不匹配项: 值“MD_DynamicRelease”不匹配值“MDd_DynamicDebug”(mCaffePredictor.obj 中)
LINK : fatal error LNK1104: 无法打开文件“libboost_thread-vc140-mt-1_61.lib”
